<?xml version="1.0" encoding="UTF-8"?>
<testsuite name="com.teste.rotinacredito.RotinacreditoApplicationTests" tests="1" skipped="0" failures="0" errors="0" timestamp="2023-09-01T16:07:00" hostname="vivimarie" time="1.147">
  <properties/>
  <testcase name="contextLoads()" classname="com.teste.rotinacredito.RotinacreditoApplicationTests" time="1.147"/>
  <system-out><![CDATA[13:06:55.577 [Test worker] INFO org.springframework.test.context.support.AnnotationConfigContextLoaderUtils -- Could not detect default configuration classes for test class [com.teste.rotinacredito.RotinacreditoApplicationTests]: RotinacreditoApplicationTests does not declare any static, non-private, non-final, nested classes annotated with @Configuration.
13:06:55.744 [Test worker] INFO org.springframework.boot.test.context.SpringBootTestContextBootstrapper -- Found @SpringBootConfiguration com.teste.rotinacredito.RotinacreditoApplication for test class com.teste.rotinacredito.RotinacreditoApplicationTests

  .   ____          _            __ _ _
 /\\ / ___'_ __ _ _(_)_ __  __ _ \ \ \ \
( ( )\___ | '_ | '_| | '_ \/ _` | \ \ \ \
 \\/  ___)| |_)| | | | | || (_| |  ) ) ) )
  '  |____| .__|_| |_|_| |_\__, | / / / /
 =========|_|==============|___/=/_/_/_/
 :: Spring Boot ::                (v3.1.3)

2023-09-01T13:06:56.542-03:00  INFO 13452 --- [    Test worker] c.t.r.RotinacreditoApplicationTests      : Starting RotinacreditoApplicationTests using Java 17.0.8 with PID 13452 (started by victoria in /home/victoria/rotinacredito)
2023-09-01T13:06:56.546-03:00  INFO 13452 --- [    Test worker] c.t.r.RotinacreditoApplicationTests      : No active profile set, falling back to 1 default profile: "default"
2023-09-01T13:06:57.631-03:00  INFO 13452 --- [    Test worker] .s.d.r.c.RepositoryConfigurationDelegate : Bootstrapping Spring Data JPA repositories in DEFAULT mode.
2023-09-01T13:06:57.663-03:00  INFO 13452 --- [    Test worker] .s.d.r.c.RepositoryConfigurationDelegate : Finished Spring Data repository scanning in 20 ms. Found 0 JPA repository interfaces.
2023-09-01T13:06:58.402-03:00  INFO 13452 --- [    Test worker] com.zaxxer.hikari.HikariDataSource       : HikariPool-1 - Starting...
2023-09-01T13:06:58.679-03:00  INFO 13452 --- [    Test worker] com.zaxxer.hikari.pool.HikariPool        : HikariPool-1 - Added connection conn0: url=jdbc:h2:mem:testdb user=MYUSER
2023-09-01T13:06:58.681-03:00  INFO 13452 --- [    Test worker] com.zaxxer.hikari.HikariDataSource       : HikariPool-1 - Start completed.
2023-09-01T13:06:58.752-03:00  INFO 13452 --- [    Test worker] o.hibernate.jpa.internal.util.LogHelper  : HHH000204: Processing PersistenceUnitInfo [name: default]
2023-09-01T13:06:58.826-03:00  INFO 13452 --- [    Test worker] org.hibernate.Version                    : HHH000412: Hibernate ORM core version 6.2.7.Final
2023-09-01T13:06:58.829-03:00  INFO 13452 --- [    Test worker] org.hibernate.cfg.Environment            : HHH000406: Using bytecode reflection optimizer
2023-09-01T13:06:59.047-03:00  INFO 13452 --- [    Test worker] o.h.b.i.BytecodeProviderInitiator        : HHH000021: Bytecode provider name : bytebuddy
2023-09-01T13:06:59.268-03:00  INFO 13452 --- [    Test worker] o.s.o.j.p.SpringPersistenceUnitInfo      : No LoadTimeWeaver setup: ignoring JPA class transformer
2023-09-01T13:06:59.438-03:00  INFO 13452 --- [    Test worker] o.h.b.i.BytecodeProviderInitiator        : HHH000021: Bytecode provider name : bytebuddy
2023-09-01T13:06:59.755-03:00  INFO 13452 --- [    Test worker] o.h.e.t.j.p.i.JtaPlatformInitiator       : HHH000490: Using JtaPlatform implementation: [org.hibernate.engine.transaction.jta.platform.internal.NoJtaPlatform]
2023-09-01T13:06:59.762-03:00  INFO 13452 --- [    Test worker] j.LocalContainerEntityManagerFactoryBean : Initialized JPA EntityManagerFactory for persistence unit 'default'
2023-09-01T13:06:59.993-03:00  WARN 13452 --- [    Test worker] JpaBaseConfiguration$JpaWebConfiguration : spring.jpa.open-in-view is enabled by default. Therefore, database queries may be performed during view rendering. Explicitly configure spring.jpa.open-in-view to disable this warning
2023-09-01T13:07:00.529-03:00  INFO 13452 --- [    Test worker] o.s.b.a.h2.H2ConsoleAutoConfiguration    : H2 console available at '/h2-console'. Database available at 'jdbc:h2:mem:testdb'
2023-09-01T13:07:00.625-03:00  INFO 13452 --- [    Test worker] c.t.r.RotinacreditoApplicationTests      : Started RotinacreditoApplicationTests in 4.578 seconds (process running for 7.194)
]]></system-out>
  <system-err><![CDATA[]]></system-err>
</testsuite>
